<?xml version="1.0" encoding="UTF-8"?>
<testng-results skipped="0" failed="0" total="1" passed="1">
  <reporter-output>
  </reporter-output>
  <suite name="STTA.MavenProject.WebDriverTest" duration-ms="252472" started-at="2017-09-13T04:53:22Z" finished-at="2017-09-13T04:57:35Z">
    <groups>
    </groups>
    <test name="Command line test" duration-ms="252472" started-at="2017-09-13T04:53:22Z" finished-at="2017-09-13T04:57:35Z">
      <class name="STTA.MavenProject.WebDriverTest">
        <test-method status="PASS" signature="StartBrowser_NavURL()[pri:0, instance:STTA.MavenProject.WebDriverTest@2ef9b8bc]" name="StartBrowser_NavURL" is-config="true" duration-ms="3764" started-at="2017-09-13T10:23:22Z" finished-at="2017-09-13T10:23:26Z">
          <reporter-output>
          </reporter-output>
        </test-method> <!-- StartBrowser_NavURL -->
        <test-method status="PASS" signature="testToCompareDoubles()[pri:0, instance:STTA.MavenProject.WebDriverTest@2ef9b8bc]" name="testToCompareDoubles" duration-ms="248397" started-at="2017-09-13T10:23:26Z" finished-at="2017-09-13T10:27:35Z">
          <reporter-output>
          </reporter-output>
        </test-method> <!-- testToCompareDoubles -->
        <test-method status="FAIL" signature="CloseBrowser()[pri:0, instance:STTA.MavenProject.WebDriverTest@2ef9b8bc]" name="CloseBrowser" is-config="true" duration-ms="0" started-at="2017-09-13T10:27:35Z" finished-at="2017-09-13T10:27:35Z">
          <exception class="org.openqa.selenium.WebDriverException">
            <message>
              <![CDATA[quit
Build info: version: '3.4.0', revision: 'unknown', time: 'unknown'
System info: host: '360NDCPC067', ip: '192.168.8.12', os.name: 'Windows 10', os.arch: 'amd64', os.version: '10.0', java.version: '1.8.0_141'
Driver info: org.openqa.selenium.firefox.FirefoxDriver
Capabilities [{rotatable=false, raisesAccessibilityExceptions=false, appBuildId=20161104212021, version=50.0, platform=XP, proxy=Proxy(), command_id=1.0, specificationLevel=0.0, acceptSslCerts=false, processId=2748.0, browserVersion=50.0, platformVersion=10.0, XULappId={ec8030f7-c20a-464f-9b0e-13a3a9e97384}, browserName=firefox, takesScreenshot=true, takesElementScreenshot=true, javascriptEnabled=true, platformName=windows_nt}]
Session ID: 8dd619b2-1704-4906-9cd5-b1fd140e9cd1]]>
            </message>
            <full-stacktrace>
              <![CDATA[org.openqa.selenium.WebDriverException: quit
Build info: version: '3.4.0', revision: 'unknown', time: 'unknown'
System info: host: '360NDCPC067', ip: '192.168.8.12', os.name: 'Windows 10', os.arch: 'amd64', os.version: '10.0', java.version: '1.8.0_141'
Driver info: org.openqa.selenium.firefox.FirefoxDriver
Capabilities [{rotatable=false, raisesAccessibilityExceptions=false, appBuildId=20161104212021, version=50.0, platform=XP, proxy=Proxy(), command_id=1.0, specificationLevel=0.0, acceptSslCerts=false, processId=2748.0, browserVersion=50.0, platformVersion=10.0, XULappId={ec8030f7-c20a-464f-9b0e-13a3a9e97384}, browserName=firefox, takesScreenshot=true, takesElementScreenshot=true, javascriptEnabled=true, platformName=windows_nt}]
Session ID: 8dd619b2-1704-4906-9cd5-b1fd140e9cd1
	at sun.reflect.NativeConstructorAccessorImpl.newInstance0(Native Method)
	at sun.reflect.NativeConstructorAccessorImpl.newInstance(Unknown Source)
	at sun.reflect.DelegatingConstructorAccessorImpl.newInstance(Unknown Source)
	at java.lang.reflect.Constructor.newInstance(Unknown Source)
	at org.openqa.selenium.remote.http.W3CHttpResponseCodec.createException(W3CHttpResponseCodec.java:150)
	at org.openqa.selenium.remote.http.W3CHttpResponseCodec.decode(W3CHttpResponseCodec.java:115)
	at org.openqa.selenium.remote.http.W3CHttpResponseCodec.decode(W3CHttpResponseCodec.java:45)
	at org.openqa.selenium.remote.HttpCommandExecutor.execute(HttpCommandExecutor.java:164)
	at org.openqa.selenium.remote.service.DriverCommandExecutor.execute(DriverCommandExecutor.java:82)
	at org.openqa.selenium.remote.RemoteWebDriver.execute(RemoteWebDriver.java:637)
	at org.openqa.selenium.remote.RemoteWebDriver.execute(RemoteWebDriver.java:694)
	at org.openqa.selenium.remote.RemoteWebDriver.quit(RemoteWebDriver.java:533)
	at STTA.MavenProject.WebDriverTest.CloseBrowser(WebDriverTest.java:21)
	at sun.reflect.NativeMethodAccessorImpl.invoke0(Native Method)
	at sun.reflect.NativeMethodAccessorImpl.invoke(Unknown Source)
	at sun.reflect.DelegatingMethodAccessorImpl.invoke(Unknown Source)
	at java.lang.reflect.Method.invoke(Unknown Source)
	at org.testng.internal.MethodInvocationHelper.invokeMethod(MethodInvocationHelper.java:84)
	at org.testng.internal.Invoker.invokeConfigurationMethod(Invoker.java:564)
	at org.testng.internal.Invoker.invokeConfigurations(Invoker.java:213)
	at org.testng.internal.Invoker.invokeMethod(Invoker.java:786)
	at org.testng.internal.Invoker.invokeTestMethod(Invoker.java:901)
	at org.testng.internal.Invoker.invokeTestMethods(Invoker.java:1231)
	at org.testng.internal.TestMethodWorker.invokeTestMethods(TestMethodWorker.java:127)
	at org.testng.internal.TestMethodWorker.run(TestMethodWorker.java:111)
	at org.testng.TestRunner.privateRun(TestRunner.java:767)
	at org.testng.TestRunner.run(TestRunner.java:617)
	at org.testng.SuiteRunner.runTest(SuiteRunner.java:348)
	at org.testng.SuiteRunner.runSequentially(SuiteRunner.java:343)
	at org.testng.SuiteRunner.privateRun(SuiteRunner.java:305)
	at org.testng.SuiteRunner.run(SuiteRunner.java:254)
	at org.testng.SuiteRunnerWorker.runSuite(SuiteRunnerWorker.java:52)
	at org.testng.SuiteRunnerWorker.run(SuiteRunnerWorker.java:86)
	at org.testng.TestNG.runSuitesSequentially(TestNG.java:1224)
	at org.testng.TestNG.runSuitesLocally(TestNG.java:1149)
	at org.testng.TestNG.run(TestNG.java:1057)
	at org.apache.maven.surefire.testng.TestNGExecutor.run(TestNGExecutor.java:77)
	at org.apache.maven.surefire.testng.TestNGDirectoryTestSuite.execute(TestNGDirectoryTestSuite.java:110)
	at org.apache.maven.surefire.testng.TestNGProvider.invoke(TestNGProvider.java:106)
	at sun.reflect.NativeMethodAccessorImpl.invoke0(Native Method)
	at sun.reflect.NativeMethodAccessorImpl.invoke(Unknown Source)
	at sun.reflect.DelegatingMethodAccessorImpl.invoke(Unknown Source)
	at java.lang.reflect.Method.invoke(Unknown Source)
	at org.apache.maven.surefire.util.ReflectionUtils.invokeMethodWithArray(ReflectionUtils.java:189)
	at org.apache.maven.surefire.booter.ProviderFactory$ProviderProxy.invoke(ProviderFactory.java:165)
	at org.apache.maven.surefire.booter.ProviderFactory.invokeProvider(ProviderFactory.java:85)
	at org.apache.maven.surefire.booter.ForkedBooter.runSuitesInProcess(ForkedBooter.java:115)
	at org.apache.maven.surefire.booter.ForkedBooter.main(ForkedBooter.java:75)
]]>
            </full-stacktrace>
          </exception> <!-- org.openqa.selenium.WebDriverException -->
          <reporter-output>
          </reporter-output>
        </test-method> <!-- CloseBrowser -->
      </class> <!-- STTA.MavenProject.WebDriverTest -->
    </test> <!-- Command line test -->
  </suite> <!-- STTA.MavenProject.WebDriverTest -->
</testng-results>
