<?xml version="1.0" encoding="UTF-8" ?>
<testsuite tests="2" failures="1" name="STTA.MavenProject.WebDriverTest" time="497.095" errors="0" skipped="0">
  <properties>
[...]
</properties>
  <testcase classname="STTA.MavenProject.WebDriverTest" name="testToCompareDoubles" time="248.398"/>
  <testcase classname="STTA.MavenProject.WebDriverTest" name="CloseBrowser" time="248.697">
    <failure message="quit
Build info: version: &apos;3.4.0&apos;, revision: &apos;unknown&apos;, time: &apos;unknown&apos;
System info: host: &apos;360NDCPC067&apos;, ip: &apos;192.168.8.12&apos;, os.name: &apos;Windows 10&apos;, os.arch: &apos;amd64&apos;, os.version: &apos;10.0&apos;, java.version: &apos;1.8.0_141&apos;
Driver info: org.openqa.selenium.firefox.FirefoxDriver
Capabilities [{rotatable=false, raisesAccessibilityExceptions=false, appBuildId=20161104212021, version=50.0, platform=XP, proxy=Proxy(), command_id=1.0, specificationLevel=0.0, acceptSslCerts=false, processId=2748.0, browserVersion=50.0, platformVersion=10.0, XULappId={ec8030f7-c20a-464f-9b0e-13a3a9e97384}, browserName=firefox, takesScreenshot=true, takesElementScreenshot=true, javascriptEnabled=true, platformName=windows_nt}]
Session ID: 8dd619b2-1704-4906-9cd5-b1fd140e9cd1" type="org.openqa.selenium.WebDriverException">org.openqa.selenium.WebDriverException: quit
Build info: version: &apos;3.4.0&apos;, revision: &apos;unknown&apos;, time: &apos;unknown&apos;
System info: host: &apos;360NDCPC067&apos;, ip: &apos;192.168.8.12&apos;, os.name: &apos;Windows 10&apos;, os.arch: &apos;amd64&apos;, os.version: &apos;10.0&apos;, java.version: &apos;1.8.0_141&apos;
Driver info: org.openqa.selenium.firefox.FirefoxDriver
Capabilities [{rotatable=false, raisesAccessibilityExceptions=false, appBuildId=20161104212021, version=50.0, platform=XP, proxy=Proxy(), command_id=1.0, specificationLevel=0.0, acceptSslCerts=false, processId=2748.0, browserVersion=50.0, platformVersion=10.0, XULappId={ec8030f7-c20a-464f-9b0e-13a3a9e97384}, browserName=firefox, takesScreenshot=true, takesElementScreenshot=true, javascriptEnabled=true, platformName=windows_nt}]
Session ID: 8dd619b2-1704-4906-9cd5-b1fd140e9cd1
	at sun.reflect.NativeConstructorAccessorImpl.newInstance0(Native Method)
	at sun.reflect.NativeConstructorAccessorImpl.newInstance(Unknown Source)
	at sun.reflect.DelegatingConstructorAccessorImpl.newInstance(Unknown Source)
	at java.lang.reflect.Constructor.newInstance(Unknown Source)
	at org.openqa.selenium.remote.http.W3CHttpResponseCodec.createException(W3CHttpResponseCodec.java:150)
	at org.openqa.selenium.remote.http.W3CHttpResponseCodec.decode(W3CHttpResponseCodec.java:115)
	at org.openqa.selenium.remote.http.W3CHttpResponseCodec.decode(W3CHttpResponseCodec.java:45)
	at org.openqa.selenium.remote.HttpCommandExecutor.execute(HttpCommandExecutor.java:164)
	at org.openqa.selenium.remote.service.DriverCommandExecutor.execute(DriverCommandExecutor.java:82)
	at org.openqa.selenium.remote.RemoteWebDriver.execute(RemoteWebDriver.java:637)
	at org.openqa.selenium.remote.RemoteWebDriver.execute(RemoteWebDriver.java:694)
	at org.openqa.selenium.remote.RemoteWebDriver.quit(RemoteWebDriver.java:533)
	at STTA.MavenProject.WebDriverTest.CloseBrowser(WebDriverTest.java:21)
</failure>
    <system-err>Sep 13, 2017 10:27:35 AM org.openqa.selenium.remote.ErrorCodes toStatus
INFO: HTTP Status: &apos;404&apos; -&gt; incorrect JSON status mapping for &apos;unknown error&apos; (500 expected)
</system-err>
  </testcase>
</testsuite>